<?xml version="1.0" encoding="UTF-8"?>
<!-- Generated by org.testng.reporters.JUnitReportReporter -->
<testsuite hostname="aida-PC" failures="0" tests="1" name="AmazonScenarioOneTest" time="25.757" errors="0" timestamp="16 May 2020 10:06:35 GMT" skipped="0">
  <testcase classname="AmazonScenarioOneTest" name="newUserCreated_shouldLeadTo_ZeroGiftCardBalance" time="25.757"/>
</testsuite> <!-- AmazonScenarioOneTest -->
