<?xml version="1.0" encoding="UTF-8"?>
<!-- Generated by org.testng.reporters.JUnitReportReporter -->
<testsuite skipped="0" hostname="aida-PC" name="AmazonScenarioOneTest" tests="1" failures="0" timestamp="15 May 2020 17:30:59 GMT" time="30.882" errors="0">
  <testcase name="newUserCreated_shouldLeadTo_ZeroGiftCardBalance" time="30.882" classname="AmazonScenarioOneTest"/>
</testsuite> <!-- AmazonScenarioOneTest -->
