<?xml version="1.0" encoding="UTF-8"?>
<!-- Generated by org.testng.reporters.JUnitReportReporter -->
<testsuite hostname="aida-PC" failures="0" tests="2" name="AmazonScenarioTwoAndThreeTest" time="85.082" errors="0" timestamp="16 May 2020 07:51:56 GMT">
  <testcase classname="AmazonScenarioTwoAndThreeTest" name="searchTVCategory_shouldLeadTo_CorrectNumberOfResultsShown" time="23.678"/>
  <testcase classname="AmazonScenarioTwoAndThreeTest" name="changeCurrencyInSetting_shouldLeadTo_NewCurrencyValueShown" time="61.404"/>
</testsuite> <!-- AmazonScenarioTwoAndThreeTest -->
