<?xml version="1.0" encoding="UTF-8"?>
<!-- Generated by org.testng.reporters.JUnitReportReporter -->
<testsuite hostname="aida-PC" failures="0" tests="1" name="AmazonScenarioOneTest" time="21.894" errors="0" timestamp="16 May 2020 07:51:56 GMT">
  <testcase classname="AmazonScenarioOneTest" name="newUserCreated_shouldLeadTo_ZeroGiftCardBalance" time="21.894"/>
</testsuite> <!-- AmazonScenarioOneTest -->
