<?xml version="1.0" encoding="UTF-8"?>
<!-- Generated by org.testng.reporters.JUnitReportReporter -->
<testsuite hostname="aida-PC" failures="0" tests="2" name="AmazonScenarioTwoAndThreeTest" time="59.851" errors="0" timestamp="16 May 2020 09:03:26 GMT">
  <testcase classname="AmazonScenarioTwoAndThreeTest" name="searchTVCategory_shouldLeadTo_CorrectNumberOfResultsShown" time="26.754"/>
  <testcase classname="AmazonScenarioTwoAndThreeTest" name="changeCurrencyInSetting_shouldLeadTo_NewCurrencyValueShown" time="33.097"/>
</testsuite> <!-- AmazonScenarioTwoAndThreeTest -->
